<?xml version="1.0" encoding="UTF-8"?>
<coverage generated="1498575266187" clover="3.2.0">
  <project timestamp="1498575266187" name="All files">
    <metrics statements="6" coveredstatements="6" conditionals="2" coveredconditionals="2" methods="4" coveredmethods="4" elements="12" coveredelements="12" complexity="0" loc="6" ncloc="6" packages="1" files="1" classes="1">
      <file name="Modal.js" path="/Users/brandonaaskov/dev/launchpad-mobx/src/components/Modal.js">
        <metrics statements="6" coveredstatements="6" conditionals="2" coveredconditionals="2" methods="4" coveredmethods="4"/>
        <line num="16" count="3" type="stmt"/>
        <line num="22" count="2" type="stmt"/>
        <line num="26" count="1" type="stmt"/>
        <line num="27" count="1" type="stmt"/>
        <line num="31" count="6" type="cond" truecount="2" falsecount="0"/>
        <line num="33" count="6" type="stmt"/>
      </file>
    </metrics>
  </project>
</coverage>
