{"/Users/brandonaaskov/dev/launchpad-mobx/src/components/Modal.js": {"path":"/Users/brandonaaskov/dev/launchpad-mobx/src/components/Modal.js","statementMap":{"0":{"start":{"line":16,"column":4},"end":{"line":18,"column":5}},"1":{"start":{"line":22,"column":4},"end":{"line":22,"column":47}},"2":{"start":{"line":26,"column":4},"end":{"line":26,"column":36}},"3":{"start":{"line":27,"column":4},"end":{"line":27,"column":24}},"4":{"start":{"line":31,"column":16},"end":{"line":31,"column":63}},"5":{"start":{"line":33,"column":4},"end":{"line":40,"column":5}}},"fnMap":{"0":{"name":"(anonymous_0)","decl":{"start":{"line":15,"column":2},"end":{"line":15,"column":3}},"loc":{"start":{"line":15,"column":24},"end":{"line":19,"column":3}}},"1":{"name":"(anonymous_1)","decl":{"start":{"line":21,"column":2},"end":{"line":21,"column":3}},"loc":{"start":{"line":21,"column":40},"end":{"line":23,"column":3}}},"2":{"name":"(anonymous_2)","decl":{"start":{"line":25,"column":2},"end":{"line":25,"column":3}},"loc":{"start":{"line":25,"column":13},"end":{"line":28,"column":3}}},"3":{"name":"(anonymous_3)","decl":{"start":{"line":30,"column":2},"end":{"line":30,"column":3}},"loc":{"start":{"line":30,"column":12},"end":{"line":41,"column":3}}}},"branchMap":{"0":{"loc":{"start":{"line":31,"column":16},"end":{"line":31,"column":63}},"type":"cond-expr","locations":[{"start":{"line":31,"column":36},"end":{"line":31,"column":53}},{"start":{"line":31,"column":56},"end":{"line":31,"column":63}}]}},"s":{"0":3,"1":2,"2":1,"3":1,"4":6,"5":6},"f":{"0":3,"1":2,"2":1,"3":6},"b":{"0":[2,4]},"_coverageSchema":"332fd63041d2c1bcb487cc26dd0d5f7d97098a6c","hash":"8b055595487355680a6e04f1b7815fcb72a91e10"}
}
